c:\users\miraxl\source\repos\calcrakov\debug\calcrakov.pch
c:\users\miraxl\source\repos\calcrakov\debug\vc142.pdb
c:\users\miraxl\source\repos\calcrakov\debug\vc142.idb
c:\users\miraxl\source\repos\calcrakov\debug\pch.obj
c:\users\miraxl\source\repos\calcrakov\debug\calcrakovdlg.obj
c:\users\miraxl\source\repos\calcrakov\debug\calcrakov.obj
c:\users\miraxl\source\repos\calcrakov\debug\calcrakov.res
c:\users\miraxl\source\repos\calcrakov\debug\calcrakov.pdb
c:\users\miraxl\source\repos\calcrakov\debug\calcrakov.tlog\cl.command.1.tlog
c:\users\miraxl\source\repos\calcrakov\debug\calcrakov.tlog\cl.read.1.tlog
c:\users\miraxl\source\repos\calcrakov\debug\calcrakov.tlog\cl.write.1.tlog
c:\users\miraxl\source\repos\calcrakov\debug\calcrakov.tlog\link-cvtres.read.1.tlog
c:\users\miraxl\source\repos\calcrakov\debug\calcrakov.tlog\link-cvtres.write.1.tlog
c:\users\miraxl\source\repos\calcrakov\debug\calcrakov.tlog\link-mt.read.1.tlog
c:\users\miraxl\source\repos\calcrakov\debug\calcrakov.tlog\link-mt.write.1.tlog
c:\users\miraxl\source\repos\calcrakov\debug\calcrakov.tlog\link-rc.read.1.tlog
c:\users\miraxl\source\repos\calcrakov\debug\calcrakov.tlog\link-rc.write.1.tlog
c:\users\miraxl\source\repos\calcrakov\debug\calcrakov.tlog\link.command.1.tlog
c:\users\miraxl\source\repos\calcrakov\debug\calcrakov.tlog\link.read.1.tlog
c:\users\miraxl\source\repos\calcrakov\debug\calcrakov.tlog\link.write.1.tlog
c:\users\miraxl\source\repos\calcrakov\debug\calcrakov.tlog\rc.command.1.tlog
c:\users\miraxl\source\repos\calcrakov\debug\calcrakov.tlog\rc.read.1.tlog
c:\users\miraxl\source\repos\calcrakov\debug\calcrakov.tlog\rc.write.1.tlog
